工商银行
       上海市
       天津市
       北京市
       重庆市
       芜湖市
       蚌埠市
       黄山市
       阜阳市
       亳州市
       宿州市
       马鞍山市
       淮北市
       淮南市
       滁州市
       铜陵市
       六安市
       宣城市
       合肥市
       安庆市
       巢湖市
       池州市
       漳州市
       福州市
       厦门市
       三明市
       泉州市
       南平市
       宁德市
       龙岩市
       莆田市
       兰州市
       天水市
       酒泉市
       张掖市
       甘南州
       陇南市
       平凉市
       庆阳市
       临夏州
       嘉峪关市
       金昌市
       白银市
       武威市
       定西市
       清远市
       东莞市
       肇庆市
       云浮市
       惠州市
       广州市
       韶关市
       深圳市
       佛山市
       湛江市
       梅州市
       汕尾市
       河源市
       珠海市
       茂名市
       阳江市
       江门市
       中山市
       潮州市
       揭阳市
       黔东南州
       黔南州
       贵阳市
       黔西南州
       毕节地区
       安顺市
       六盘水市
       遵义市
       铜仁地区
       海口市
       三亚市
       石家庄市
       邯郸市
       邢台市
       承德市
       沧州市
       唐山市
       保定市
       廊坊市
       衡水市
       秦皇岛市
       张家口市
       漯河市
       平顶山市
       三门峡市
       许昌市
       安阳市
       商丘市
       周口市
       郑州市
       洛阳市
       鹤壁市
       新乡市
       驻马店市
       焦作市
       南阳市
       信阳市
       濮阳市
       开封市
       哈尔滨市
       齐齐哈尔市
       双鸭山市
       佳木斯市
       牡丹江市
       大庆市
       伊春市
       七台河市
       绥化市
       黑河市
       大兴安岭地区
       鸡西市
       鹤岗市
       武汉市
       宜昌市
       荆州市
       襄樊市
       随州市
       荆门市
       十堰市
       鄂州市
       黄冈市
       恩施州
       黄石市
       孝感市
       咸宁市
       长沙市
       湘潭市
       岳阳市
       常德市
       郴州市
       永州市
       衡阳市
       怀化市
       张家界市
       邵阳市
       娄底市
       益阳市
       吉首市
       株州市
       白城市
       松原市
       长春市
       吉林市
       白山市
       延边州
       四平市
       辽源市
       通化市
       南京市
       无锡市
       常州市
       苏州市
       南通市
       淮安市
       盐城市
       镇江市
       连云港市
       宿迁市
       扬州市
       徐州市
       泰州市
       萍乡市
       九江市
       新余市
       吉安市
       抚州市
       鹰谭市
       赣州市
       宜春市
       上饶市
       南昌市
       景德镇市
       营口市
       辽阳市
       铁岭市
       朝阳市
       抚顺市
       葫芦岛市
       盘锦市
       丹东市
       锦州市
       阜新市
       沈阳市
       鞍山市
       本溪市
       大连市
       西宁市
       海东地区
       海西蒙古族藏族自治州
       聊城市
       临沂市
       日照市
       德州市
       威海市
       菏泽市
       济宁市
       滨州市
       淄博市
       潍坊市
       青岛市
       枣庄市
       泰安市
       济南市
       莱芜市
       东营市
       烟台市
       忻州市
       太原市
       吕梁市
       晋中市
       大同市
       阳泉市
       临汾市
       朔州市
       长治市
       运城市
       晋城市
       榆林市
       宝鸡市
       汉中市
       安康市
       西安市
       咸阳市
       商洛市
       延安市
       渭南市
       铜川市
       绵阳市
       广元市
       成都市
       泸州市
       德阳市
       内江市
       南充市
       广安市
       达州市
       巴中市
       资阳市
       乐山市
       眉山市
       雅安市
       阿坝州
       凉山州
       自贡市
       攀枝花市
       宜宾市
       遂宁市
       昆明市
       曲靖市
       楚雄州
       玉溪市
       红河州
       文山州
       思茅市
       西双版纳州
       大理州
       昭通市
       保山市
       德宏州
       丽江市
       怒江州
       迪庆州
       临沧市
       杭州市
       宁波市
       温州市
       绍兴市
       金华市
       舟山市
       丽水市
       嘉兴市
       湖州市
       台州市
       衢州市
农业银行
       天津市
       北京市
       上海市
       重庆市
       池州市
       阜阳市
       滁州市
       合肥市
       安庆市
       蚌埠市
       黄山市
       亳州市
       巢湖市
       池州市
       马鞍山市
       宿州市
       芜湖市
       淮南市
       淮北市
       六安市
       宣城市
       铜陵市
       泉州市
       三明市
       漳州市
       宁德市
       福州市
       莆田市
       厦门市
       南平市
       龙岩市
       定西市
       兰州市
       庆阳市
       酒泉市
       白银市
       陇南市
       平凉市
       甘南州
       临夏州
       天水市
       张掖市
       武威市
       嘉峪关市
       金昌市
       惠州市
       汕头市
       梅州市
       肇庆市
       茂名市
       东莞市
       河源市
       江门市
       清远市
       佛山市
       潮州市
       广州市
       揭阳市
       韶关市
       湛江市
       深圳市
       云浮市
       中山市
       珠海市
       汕尾市
       黔东南州
       黔西南州
       安顺市
       毕节地区
       遵义市
       铜仁地区
       黔南州
       贵阳市
       六盘水市
       海口市
       三亚市
       承德市
       保定市
       衡水市
       邢台市
       廊坊市
       沧州市
       唐山市
       秦皇岛市
       邯郸市
       张家口市
       石家庄市
       县级
       安阳市
       平顶山市
       郑州市
       南阳市
       濮阳市
       新乡市
       焦作市
       鹤壁市
       信阳市
       漯河市
       周口市
       开封市
       三门峡市
       洛阳市
       驻马店市
       商丘市
       许昌市
       黑河市
       鹤岗市
       大庆市
       哈尔滨市
       鸡西市
       佳木斯市
       牡丹江市
       七台河市
       齐齐哈尔市
       双鸭山市
       绥化市
       伊春市
       大兴安岭地区
       荆州市
       咸宁市
       黄石市
       武汉市
       孝感市
       襄樊市
       宜昌市
       鄂州市
       恩施州
       十堰市
       随州市
       黄冈市
       荆门市
       邵阳市
       益阳市
       吉首市
       常德市
       衡阳市
       郴州市
       株州市
       怀化市
       长沙市
       岳阳市
       张家界市
       娄底市
       永州市
       湘潭市
       白城市
       白山市
       延边州
       通化市
       吉林市
       长春市
       辽源市
       松原市
       四平市
       盐城市
       徐州市
       常州市
       扬州市
       苏州市
       镇江市
       连云港市
       南京市
       南通市
       无锡市
       泰州市
       宿迁市
       淮安市
       新余市
       吉安市
       南昌市
       赣州市
       抚州市
       九江市
       上饶市
       宜春市
       景德镇市
       鹰谭市
       萍乡市
       沈阳市
       本溪市
       朝阳市
       鞍山市
       锦州市
       大连市
       营口市
       盘锦市
       丹东市
       辽阳市
       抚顺市
       阜新市
       葫芦岛市
       铁岭市
       海西蒙古族藏族自治州
       海北藏族自治州
       海南藏族自治州
       西宁市
       果洛藏族自治州
       海东地区
       黄南藏族自治州
       玉树藏族自治州
       潍坊市
       泰安市
       临沂市
       滨州市
       菏泽市
       德州市
       东营市
       聊城市
       淄博市
       烟台市
       济南市
       莱芜市
       青岛市
       威海市
       济宁市
       日照市
       枣庄市
       临汾市
       忻州市
       太原市
       吕梁市
       晋城市
       大同市
       晋中市
       朔州市
       长治市
       运城市
       阳泉市
       西安市
       安康市
       延安市
       渭南市
       宝鸡市
       咸阳市
       汉中市
       榆林市
       商洛市
       铜川市
       成都市
       眉山市
       自贡市
       广元市
       达州市
       德阳市
       南充市
       阿坝州
       绵阳市
       宜宾市
       凉山州
       内江市
       泸州市
       遂宁市
       乐山市
       广安市
       雅安市
       攀枝花市
       资阳市
       巴中市
       昆明市
       红河州
       保山市
       临沧市
       玉溪市
       迪庆州
       大理州
       楚雄州
       昭通市
       德宏州
       怒江州
       文山州
       曲靖市
       丽江市
       思茅市
       西双版纳州
       金华市
       温州市
       湖州市
       衢州市
       杭州市
       宁波市
       舟山市
       台州市
       嘉兴市
       丽水市
       绍兴市
中国银行
       北京市
       上海市
       天津市
       重庆市
       合肥市
       安庆市
       巢湖市
       马鞍山市
       芜湖市
       蚌埠市
       亳州市
       池州市
       滁州市
       宿州市
       阜阳市
       淮北市
       淮南市
       黄山市
       六安市
       宣城市
       铜陵市
       泉州市
       宁德市
       福州市
       漳州市
       南平市
       莆田市
       三明市
       龙岩市
       厦门市
       白银市
       定西市
       酒泉市
       兰州市
       平凉市
       嘉峪关市
       金昌市
       临夏州
       陇南市
       庆阳市
       天水市
       武威市
       张掖市
       潮州市
       东莞市
       佛山市
       广州市
       河源市
       惠州市
       江门市
       揭阳市
       茂名市
       梅州市
       清远市
       汕头市
       汕尾市
       韶关市
       深圳市
       阳江市
       云浮市
       湛江市
       肇庆市
       中山市
       安顺市
       毕节地区
       黔南州
       贵阳市
       黔东南州
       六盘水市
       铜仁地区
       黔西南州
       遵义市
       海口市
       三亚市
       保定市
       衡水市
       廊坊市
       沧州市
       秦皇岛市
       承德市
       邯郸市
       石家庄市
       唐山市
       邢台市
       张家口市
       平顶山市
       焦作市
       郑州市
       南阳市
       安阳市
       信阳市
       开封市
       洛阳市
       驻马店市
       新乡市
       许昌市
       鹤壁市
       三门峡市
       漯河市
       商丘市
       濮阳市
       周口市
       佳木斯市
       哈尔滨市
       绥化市
       黑河市
       七台河市
       大庆市
       大兴安岭地区
       牡丹江市
       鹤岗市
       鸡西市
       齐齐哈尔市
       双鸭山市
       伊春市
       孝感市
       咸宁市
       黄石市
       宜昌市
       鄂州市
       恩施州
       荆州市
       襄樊市
       十堰市
       随州市
       黄冈市
       荆门市
       武汉市
       张家界市
       永州市
       怀化市
       岳阳市
       益阳市
       长沙市
       常德市
       衡阳市
       郴州市
       邵阳市
       株州市
       湘潭市
       吉首市
       娄底市
       延边州
       白城市
       白山市
       四平市
       长春市
       吉林市
       通化市
       松原市
       辽源市
       扬州市
       盐城市
       苏州市
       常州市
       镇江市
       连云港市
       徐州市
       南京市
       南通市
       淮安市
       无锡市
       泰州市
       宿迁市
       南昌市
       九江市
       抚州市
       赣州市
       上饶市
       新余市
       宜春市
       鹰谭市
       吉安市
       景德镇市
       萍乡市
       鞍山市
       本溪市
       朝阳市
       大连市
       丹东市
       抚顺市
       阜新市
       葫芦岛市
       锦州市
       沈阳市
       营口市
       辽阳市
       盘锦市
       铁岭市
       海西蒙古族藏族自治州
       海东地区
       西宁市
       滨州市
       菏泽市
       泰安市
       潍坊市
       临沂市
       聊城市
       德州市
       东营市
       烟台市
       淄博市
       青岛市
       济南市
       济宁市
       日照市
       莱芜市
       威海市
       枣庄市
       长治市
       大同市
       忻州市
       吕梁市
       晋城市
       太原市
       运城市
       临汾市
       晋中市
       阳泉市
       朔州市
       安康市
       宝鸡市
       汉中市
       渭南市
       榆林市
       西安市
       延安市
       咸阳市
       商洛市
       铜川市
       宜宾市
       绵阳市
       资阳市
       巴中市
       成都市
       达州市
       德阳市
       乐山市
       自贡市
       广安市
       广元市
       泸州市
       南充市
       内江市
       眉山市
       攀枝花市
       遂宁市
       雅安市
       凉山州
       楚雄州
       保山市
       玉溪市
       大理州
       德宏州
       迪庆州
       曲靖市
       红河州
       昆明市
       丽江市
       临沧市
       思茅市
       文山州
       西双版纳州
       昭通市
       湖州市
       宁波市
       温州市
       衢州市
       杭州市
       金华市
       嘉兴市
       丽水市
       台州市
       绍兴市
       舟山市
建设银行
       重庆市
       天津市
       北京市
       上海市
       亳州市
       巢湖市
       滁州市
       亳州市
       芜湖市
       合肥市
       安庆市
       蚌埠市
       马鞍山市
       池州市
       宿州市
       淮南市
       阜阳市
       宣城市
       淮北市
       黄山市
       六安市
       铜陵市
       泉州市
       三明市
       漳州市
       宁德市
       福州市
       南平市
       龙岩市
       莆田市
       厦门市
       兰州市
       定西市
       甘南州
       白银市
       嘉峪关市
       酒泉市
       临夏州
       陇南市
       平凉市
       庆阳市
       武威市
       张掖市
       天水市
       金昌市
       佛山市
       广州市
       梅州市
       肇庆市
       茂名市
       东莞市
       江门市
       清远市
       惠州市
       潮州市
       中山市
       河源市
       揭阳市
       湛江市
       韶关市
       汕头市
       深圳市
       阳江市
       云浮市
       珠海市
       黔西南州
       安顺市
       毕节地区
       遵义市
       黔南州
       贵阳市
       黔东南州
       铜仁地区
       六盘水市
       海口市
       三亚市
       唐山市
       保定市
       廊坊市
       邢台市
       沧州市
       秦皇岛市
       邯郸市
       承德市
       张家口市
       石家庄市
       衡水市
       县级
       安阳市
       平顶山市
       焦作市
       周口市
       郑州市
       南阳市
       濮阳市
       信阳市
       鹤壁市
       新乡市
       开封市
       洛阳市
       漯河市
       三门峡市
       商丘市
       许昌市
       驻马店市
       佳木斯市
       鹤岗市
       鸡西市
       双鸭山市
       大庆市
       哈尔滨市
       绥化市
       齐齐哈尔市
       黑河市
       七台河市
       大兴安岭地区
       牡丹江市
       伊春市
       恩施州
       黄石市
       鄂州市
       荆门市
       武汉市
       孝感市
       咸宁市
       十堰市
       宜昌市
       荆州市
       襄樊市
       随州市
       黄冈市
       益阳市
       株州市
       常德市
       衡阳市
       郴州市
       永州市
       怀化市
       邵阳市
       张家界市
       吉首市
       长沙市
       岳阳市
       娄底市
       湘潭市
       延边州
       白城市
       白山市
       长春市
       辽源市
       四平市
       吉林市
       通化市
       松原市
       苏州市
       常州市
       连云港市
       扬州市
       盐城市
       镇江市
       徐州市
       南京市
       南通市
       淮安市
       无锡市
       泰州市
       宿迁市
       吉安市
       南昌市
       抚州市
       赣州市
       九江市
       上饶市
       新余市
       宜春市
       鹰谭市
       景德镇市
       萍乡市
       沈阳市
       朝阳市
       大连市
       鞍山市
       本溪市
       丹东市
       抚顺市
       阜新市
       葫芦岛市
       辽阳市
       盘锦市
       营口市
       锦州市
       铁岭市
       海西蒙古族藏族自治州
       西宁市
       海南藏族自治州
       海东地区
       黄南藏族自治州
       海北藏族自治州
       玉树藏族自治州
       聊城市
       潍坊市
       滨州市
       临沂市
       菏泽市
       德州市
       泰安市
       东营市
       淄博市
       青岛市
       济南市
       济宁市
       莱芜市
       烟台市
       日照市
       威海市
       枣庄市
       大同市
       太原市
       忻州市
       运城市
       晋城市
       临汾市
       吕梁市
       晋中市
       朔州市
       阳泉市
       长治市
       咸阳市
       西安市
       安康市
       延安市
       宝鸡市
       汉中市
       渭南市
       榆林市
       商洛市
       铜川市
       成都市
       达州市
       阿坝州
       资阳市
       巴中市
       绵阳市
       遂宁市
       德阳市
       乐山市
       自贡市
       甘孜州
       广安市
       广元市
       雅安市
       南充市
       凉山州
       内江市
       眉山市
       攀枝花市
       宜宾市
       昆明市
       西双版纳州
       保山市
       玉溪市
       楚雄州
       昭通市
       德宏州
       文山州
       曲靖市
       红河州
       临沧市
       大理州
       思茅市
       丽江市
       怒江州
       迪庆州
       杭州市
       舟山市
       嘉兴市
       湖州市
       温州市
       衢州市
       宁波市
       金华市
       台州市
       丽水市
       绍兴市
光大银行
       天津市
       北京市
       上海市
       天津市
       合肥市
       马鞍山市
       芜湖市
       福州市
       龙岩市
       泉州市
       厦门市
       漳州市
       东莞市
       佛山市
       广州市
       汕头市
       深圳市
       中山市
       珠海市
       海口市
       三亚市
       邯郸市
       石家庄市
       唐山市
       焦作市
       洛阳市
       许昌市
       郑州市
       大庆市
       哈尔滨市
       襄樊市
       武汉市
       郴州市
       长沙市
       株州市
       吉林市
       长春市
       常州市
       苏州市
       无锡市
       南京市
       扬州市
       南昌市
       大连市
       丹东市
       沈阳市
       济南市
       青岛市
       烟台市
       太原市
       阳泉市
       西安市
       成都市
       昆明市
       曲靖市
       杭州市
       宁波市
       绍兴市
       台州市
       温州市
中信银行
       北京市
       天津市
       上海市
       重庆市
       安庆市
       蚌埠市
       合肥市
       芜湖市
       福州市
       龙岩市
       厦门市
       莆田市
       泉州市
       漳州市
       兰州市
       东莞市
       佛山市
       深圳市
       广州市
       惠州市
       江门市
       中山市
       珠海市
       贵阳市
       保定市
       邯郸市
       石家庄市
       唐山市
       安阳市
       焦作市
       洛阳市
       南阳市
       郑州市
       哈尔滨市
       鄂州市
       黄石市
       武汉市
       襄樊市
       长沙市
       湘潭市
       株州市
       长春市
       苏州市
       常州市
       无锡市
       泰州市
       南京市
       南通市
       镇江市
       扬州市
       南昌市
       萍乡市
       鞍山市
       大连市
       抚顺市
       葫芦岛市
       沈阳市
       东营市
       济南市
       济宁市
       青岛市
       威海市
       潍坊市
       烟台市
       淄博市
       大同市
       吕梁市
       太原市
       宝鸡市
       西安市
       渭南市
       咸阳市
       成都市
       宜宾市
       大理州
       昆明市
       曲靖市
       杭州市
       湖州市
       嘉兴市
       丽水市
       台州市
       金华市
       宁波市
       绍兴市
       温州市
交通银行
       上海市
       北京市
       重庆市
       天津市
       安庆市
       安庆市
       淮南市
       合肥市
       蚌埠市
       巢湖市
       滁州市
       六安市
       马鞍山市
       铜陵市
       芜湖市
       福州市
       莆田市
       泉州市
       厦门市
       兰州市
       天水市
       东莞市
       佛山市
       广州市
       惠州市
       江门市
       揭阳市
       汕头市
       深圳市
       湛江市
       中山市
       珠海市
       贵阳市
       六盘水市
       遵义市
       海口市
       三亚市
       保定市
       沧州市
       邯郸市
       秦皇岛市
       唐山市
       石家庄市
       安阳市
       焦作市
       南阳市
       平顶山市
       郑州市
       洛阳市
       许昌市
       绥化市
       大庆市
       哈尔滨市
       黑河市
       齐齐哈尔市
       黄石市
       荆门市
       武汉市
       咸宁市
       襄樊市
       孝感市
       宜昌市
       常德市
       郴州市
       衡阳市
       长沙市
       湘潭市
       岳阳市
       株州市
       吉林市
       松原市
       通化市
       长春市
       辽源市
       四平市
       延边州
       镇江市
       苏州市
       常州市
       无锡市
       连云港市
       南京市
       南通市
       泰州市
       宿迁市
       徐州市
       盐城市
       扬州市
       淮安市
       赣州市
       南昌市
       新余市
       景德镇市
       九江市
       鞍山市
       大连市
       抚顺市
       丹东市
       锦州市
       沈阳市
       盘锦市
       营口市
       辽阳市
       西宁市
       东营市
       济南市
       济宁市
       淄博市
       青岛市
       泰安市
       威海市
       潍坊市
       烟台市
       晋城市
       大同市
       临汾市
       太原市
       宝鸡市
       西安市
       咸阳市
       榆林市
       成都市
       德阳市
       泸州市
       绵阳市
       攀枝花市
       自贡市
       楚雄州
       大理州
       红河州
       昆明市
       曲靖市
       玉溪市
       宁波市
       杭州市
       湖州市
       嘉兴市
       金华市
       衢州市
       绍兴市
       台州市
       温州市
       舟山市
农业发展银行
       北京市
       重庆市
       上海市
       天津市
       合肥市
       安庆市
       蚌埠市
       亳州市
       巢湖市
       池州市
       滁州市
       马鞍山市
       宿州市
       芜湖市
       淮南市
       阜阳市
       宣城市
       淮北市
       黄山市
       六安市
       铜陵市
       泉州市
       宁德市
       福州市
       南平市
       漳州市
       龙岩市
       三明市
       莆田市
       厦门市
       白银市
       陇南市
       定西市
       酒泉市
       甘南州
       兰州市
       张掖市
       武威市
       嘉峪关市
       金昌市
       平凉市
       临夏州
       庆阳市
       天水市
       惠州市
       潮州市
       广州市
       梅州市
       肇庆市
       茂名市
       东莞市
       江门市
       佛山市
       汕尾市
       河源市
       揭阳市
       韶关市
       湛江市
       清远市
       云浮市
       汕头市
       深圳市
       阳江市
       中山市
       安顺市
       毕节地区
       黔东南州
       遵义市
       铜仁地区
       黔南州
       贵阳市
       六盘水市
       黔西南州
       海口市
       三亚市
       保定市
       衡水市
       廊坊市
       邢台市
       沧州市
       秦皇岛市
       邯郸市
       承德市
       张家口市
       石家庄市
       唐山市
       洛阳市
       安阳市
       平顶山市
       焦作市
       周口市
       郑州市
       南阳市
       濮阳市
       新乡市
       信阳市
       鹤壁市
       开封市
       漯河市
       三门峡市
       驻马店市
       商丘市
       许昌市
       绥化市
       哈尔滨市
       齐齐哈尔市
       双鸭山市
       黑河市
       七台河市
       大庆市
       大兴安岭地区
       牡丹江市
       佳木斯市
       鹤岗市
       鸡西市
       伊春市
       孝感市
       恩施州
       襄樊市
       咸宁市
       黄石市
       十堰市
       宜昌市
       鄂州市
       荆州市
       随州市
       黄冈市
       武汉市
       荆门市
       益阳市
       郴州市
       常德市
       吉首市
       株州市
       衡阳市
       怀化市
       邵阳市
       张家界市
       永州市
       长沙市
       岳阳市
       娄底市
       湘潭市
       长春市
       延边州
       白城市
       白山市
       长春市
       辽源市
       松原市
       四平市
       吉林市
       通化市
       扬州市
       盐城市
       苏州市
       常州市
       镇江市
       连云港市
       徐州市
       南京市
       南通市
       淮安市
       无锡市
       泰州市
       宿迁市
       吉安市
       南昌市
       抚州市
       九江市
       上饶市
       赣州市
       新余市
       宜春市
       景德镇市
       鹰谭市
       萍乡市
       鞍山市
       本溪市
       铁岭市
       朝阳市
       大连市
       丹东市
       抚顺市
       阜新市
       葫芦岛市
       锦州市
       营口市
       盘锦市
       辽阳市
       沈阳市
       海西蒙古族藏族自治州
       果洛藏族自治州
       海北藏族自治州
       海东地区
       海南藏族自治州
       黄南藏族自治州
       西宁市
       玉树藏族自治州
       潍坊市
       滨州市
       临沂市
       菏泽市
       聊城市
       德州市
       泰安市
       东营市
       淄博市
       烟台市
       青岛市
       济南市
       济宁市
       日照市
       莱芜市
       威海市
       枣庄市
       临汾市
       大同市
       忻州市
       吕梁市
       晋城市
       朔州市
       运城市
       晋中市
       太原市
       长治市
       阳泉市
       安康市
       渭南市
       宝鸡市
       咸阳市
       汉中市
       商洛市
       榆林市
       西安市
       延安市
       铜川市
       阿坝州
       绵阳市
       资阳市
       巴中市
       广元市
       成都市
       达州市
       遂宁市
       眉山市
       德阳市
       乐山市
       自贡市
       甘孜州
       宜宾市
       泸州市
       广安市
       南充市
       凉山州
       内江市
       雅安市
       昆明市
       保山市
       大理州
       临沧市
       楚雄州
       德宏州
       迪庆州
       玉溪市
       文山州
       曲靖市
       红河州
       思茅市
       丽江市
       西双版纳州
       怒江州
       昭通市
       湖州市
       杭州市
       宁波市
       金华市
       嘉兴市
       衢州市
       丽水市
       温州市
       台州市
       绍兴市
       舟山市
进出口银行
       北京市
       北京市
       上海市
       重庆市
       合肥市
       广州市
       深圳市
       哈尔滨市
       武汉市
       长沙市
       南京市
       大连市
       青岛市
       西安市
       成都市
       昆明市
       宁波市
       杭州市
国家开发银行
       北京市
       天津市
       上海市
       重庆市
       合肥市
       福州市
       厦门市
       兰州市
       广州市
       深圳市
       贵阳市
       海口市
       石家庄市
       郑州市
       哈尔滨市
       武汉市
       长沙市
       长春市
       南京市
       苏州市
       南昌市
       大连市
       沈阳市
       西宁市
       济南市
       青岛市
       太原市
       西安市
       成都市
       昆明市
       宁波市
       杭州市
南洋商业银行
       上海市
       北京市
       天津市
       重庆市
       厦门市
       佛山市
       深圳市
       东莞市
       广州市
       惠州市
       中山市
       深圳市
       深圳市
       广州市
       深圳市
       郑州市
       武汉市
       长沙市
       苏州市
       沈阳市
       大连市
       大连市
       济南市
       青岛市
       青岛市
       太原市
       西安市
       成都市
       杭州市
       宁波市
香港上海汇丰银行
       天津市
       重庆市
       上海市
       莆田市
       佛山市
       江门市
       广州市
       沧州市
       沧州市
       荆州市
       咸宁市
       湘潭市
       长春市
       松原市
       苏州市
       连云港市
       盐城市
       南通市
       淮安市
       扬州市
       宿迁市
       泰州市
       常州市
       无锡市
       徐州市
       镇江市
       南京市
       大连市
       青岛市
       成都市
       嘉兴市
城市信用社
       白银市
       白银市
       濮阳市
       大兴安岭地区
       双鸭山市
       七台河市
       黑河市
       佳木斯市
       邵阳市
       四平市
       景德镇市
       营口市
       抚顺市
       宁波市
上海农村商业银行
       上海市
       湘潭市
       嘉兴市
村镇银行
       北京市
       上海市
       天津市
       重庆市
       芜湖市
       合肥市
       六安市
       铜陵市
       巢湖市
       安庆市
       宁德市
       南平市
       龙岩市
       白银市
       平凉市
       东莞市
       佛山市
       江门市
       惠州市
       深圳市
       韶关市
       中山市
       毕节地区
       贵阳市
       黔南州
       安顺市
       遵义市
       铜仁地区
       海口市
       承德市
       石家庄市
       邢台市
       保定市
       郑州市
       平顶山市
       许昌市
       新乡市
       信阳市
       南阳市
       洛阳市
       焦作市
       驻马店市
       鹤壁市
       哈尔滨市
       齐齐哈尔市
       牡丹江市
       大庆市
       绥化市
       双鸭山市
       黑河市
       佳木斯市
       黄石市
       恩施州
       襄樊市
       荆州市
       孝感市
       咸宁市
       随州市
       荆门市
       武汉市
       宜昌市
       黄冈市
       岳阳市
       益阳市
       湘潭市
       吉首市
       郴州市
       株州市
       衡阳市
       长春市
       白城市
       松原市
       通化市
       吉林市
       四平市
       盐城市
       镇江市
       连云港市
       南通市
       扬州市
       泰州市
       徐州市
       宿迁市
       苏州市
       无锡市
       常州市
       南昌市
       宜春市
       上饶市
       吉安市
       赣州市
       九江市
       景德镇市
       本溪市
       朝阳市
       大连市
       丹东市
       铁岭市
       抚顺市
       阜新市
       葫芦岛市
       锦州市
       营口市
       鞍山市
       沈阳市
       西宁市
       海南藏族自治州
       菏泽市
       东营市
       临沂市
       德州市
       烟台市
       青岛市
       威海市
       潍坊市
       滨州市
       日照市
       长治市
       临汾市
       晋城市
       吕梁市
       晋中市
       朔州市
       运城市
       阳泉市
       渭南市
       延安市
       商洛市
       西安市
       成都市
       广安市
       广元市
       乐山市
       德阳市
       内江市
       眉山市
       绵阳市
       达州市
       南充市
       遂宁市
       凉山州
       宜宾市
       资阳市
       自贡市
       泸州市
       楚雄州
       曲靖市
       文山州
       玉溪市
       大理州
       昭通市
       宁波市
       湖州市
       温州市
       嘉兴市
       杭州市
       金华市
       台州市
       衢州市
       丽水市
       绍兴市
       舟山市
徽商银行
       合肥市
       安庆市
       蚌埠市
       巢湖市
       池州市
       滁州市
       阜阳市
       合肥市
       淮北市
       淮南市
       黄山市
       六安市
       马鞍山市
       宿州市
       铜陵市
       芜湖市
       宣城市
       亳州市
       南京市
渤海银行
       天津市
       北京市
       上海市
       深圳市
       唐山市
       南京市
       大连市
       济南市
       太原市
       成都市
       成都市
       德阳市
       杭州市
       绍兴市
农村合作银行
       天津市
       贵阳市
       贵阳市
       黔西南州
       遵义市
       海口市
       石家庄市
       四平市
       延边州
       盐城市
       镇江市
       南京市
       连云港市
       南通市
       泰州市
       淮安市
       宿迁市
       徐州市
       扬州市
恒丰银行
       重庆市
       福州市
       南京市
       苏州市
       无锡市
       烟台市
       滨州市
       东营市
       济南市
       济宁市
       青岛市
       成都市
       昆明市
       杭州市
       绍兴市
       金华市
农村商业银行
       天津市
       重庆市
       上海市
       莆田市
       佛山市
       江门市
       广州市
       沧州市
       沧州市
       荆州市
       咸宁市
       湘潭市
       长春市
       松原市
       苏州市
       连云港市
       盐城市
       南通市
       淮安市
       扬州市
       宿迁市
       泰州市
       常州市
       无锡市
       徐州市
       镇江市
       南京市
       大连市
       青岛市
       成都市
       嘉兴市
城市商业银行
       北京市
       上海市
       天津市
       重庆市
       合肥市
       福州市
       宁德市
       漳州市
       龙岩市
       莆田市
       泉州市
       厦门市
       白银市
       兰州市
       定西市
       酒泉市
       临夏州
       庆阳市
       天水市
       武威市
       平凉市
       深圳市
       广州市
       东莞市
       惠州市
       中山市
       湛江市
       佛山市
       珠海市
       安顺市
       贵阳市
       毕节地区
       黔东南州
       遵义市
       六盘水市
       保定市
       沧州市
       廊坊市
       承德市
       唐山市
       邯郸市
       石家庄市
       衡水市
       秦皇岛市
       邢台市
       张家口市
       安阳市
       鹤壁市
       焦作市
       开封市
       郑州市
       洛阳市
       三门峡市
       南阳市
       平顶山市
       商丘市
       新乡市
       信阳市
       许昌市
       周口市
       驻马店市
       漯河市
       濮阳市
       哈尔滨市
       佳木斯市
       大庆市
       鸡西市
       牡丹江市
       七台河市
       双鸭山市
       绥化市
       鹤岗市
       大兴安岭地区
       黑河市
       齐齐哈尔市
       伊春市
       武汉市
       鄂州市
       黄石市
       宜昌市
       孝感市
       荆州市
       襄樊市
       咸宁市
       长沙市
       常德市
       株州市
       衡阳市
       怀化市
       湘潭市
       岳阳市
       永州市
       长春市
       白城市
       白山市
       吉林市
       松原市
       延边州
       辽源市
       四平市
       通化市
       南京市
       泰州市
       扬州市
       常州市
       镇江市
       连云港市
       盐城市
       苏州市
       徐州市
       南通市
       淮安市
       无锡市
       宿迁市
       赣州市
       南昌市
       吉安市
       萍乡市
       新余市
       宜春市
       景德镇市
       九江市
       抚州市
       上饶市
       鹰谭市
       鞍山市
       鞍山市
       本溪市
       朝阳市
       大连市
       丹东市
       沈阳市
       营口市
       抚顺市
       阜新市
       葫芦岛市
       锦州市
       辽阳市
       盘锦市
       铁岭市
       西宁市
       海西蒙古族藏族自治州
       海南藏族自治州
       玉树藏族自治州
       德州市
       东营市
       滨州市
       青岛市
       济宁市
       枣庄市
       莱芜市
       菏泽市
       济南市
       临沂市
       泰安市
       聊城市
       淄博市
       潍坊市
       日照市
       威海市
       烟台市
       长治市
       大同市
       朔州市
       晋城市
       太原市
       临汾市
       吕梁市
       运城市
       晋中市
       阳泉市
       西安市
       安康市
       宝鸡市
       榆林市
       渭南市
       汉中市
       咸阳市
       成都市
       广安市
       眉山市
       资阳市
       达州市
       德阳市
       乐山市
       凉山州
       绵阳市
       广元市
       南充市
       攀枝花市
       遂宁市
       雅安市
       宜宾市
       内江市
       自贡市
       泸州市
       保山市
       楚雄州
       大理州
       红河州
       昆明市
       思茅市
       德宏州
       文山州
       西双版纳州
       迪庆州
       昭通市
       曲靖市
       玉溪市
       宁波市
       杭州市
       绍兴市
       温州市
       湖州市
       嘉兴市
       舟山市
       金华市
       衢州市
       台州市
       丽水市
浦发展银行
       上海市
       北京市
       天津市
       重庆市
       安庆市
       蚌埠市
       合肥市
       铜陵市
       芜湖市
       淮南市
       马鞍山市
       福州市
       泉州市
       厦门市
       兰州市
       东莞市
       佛山市
       广州市
       中山市
       惠州市
       深圳市
       珠海市
       贵阳市
       邯郸市
       石家庄市
       唐山市
       开封市
       洛阳市
       新乡市
       许昌市
       郑州市
       哈尔滨市
       荆州市
       武汉市
       宜昌市
       长沙市
       郴州市
       株州市
       长春市
       吉林市
       苏州市
       常州市
       淮安市
       南京市
       无锡市
       南通市
       泰州市
       徐州市
       盐城市
       扬州市
       镇江市
       赣州市
       九江市
       南昌市
       大连市
       鞍山市
       本溪市
       葫芦岛市
       辽阳市
       沈阳市
       营口市
       济南市
       济宁市
       临沂市
       潍坊市
       烟台市
       淄博市
       青岛市
       长治市
       晋中市
       太原市
       忻州市
       运城市
       宝鸡市
       西安市
       榆林市
       成都市
       内江市
       乐山市
       绵阳市
       昆明市
       曲靖市
       玉溪市
       杭州市
       湖州市
       嘉兴市
       金华市
       丽水市
       宁波市
       绍兴市
       台州市
       温州市
       衢州市
兴业银行
       北京市
       上海市
       天津市
       重庆市
       安庆市
       合肥市
       芜湖市
       福州市
       泉州市
       宁德市
       南平市
       漳州市
       莆田市
       三明市
       龙岩市
       厦门市
       东莞市
       佛山市
       广州市
       惠州市
       江门市
       深圳市
       中山市
       石家庄市
       唐山市
       洛阳市
       平顶山市
       郑州市
       大庆市
       哈尔滨市
       黄石市
       十堰市
       武汉市
       宜昌市
       常德市
       长沙市
       湘潭市
       株州市
       长春市
       常州市
       南通市
       无锡市
       南京市
       苏州市
       泰州市
       徐州市
       赣州市
       南昌市
       本溪市
       大连市
       沈阳市
       济南市
       济宁市
       临沂市
       青岛市
       日照市
       潍坊市
       烟台市
       淄博市
       晋城市
       晋中市
       太原市
       西安市
       咸阳市
       榆林市
       成都市
       德阳市
       乐山市
       绵阳市
       泸州市
       大理州
       昆明市
       杭州市
       嘉兴市
       金华市
       绍兴市
       台州市
       温州市
       宁波市
招商银行
       北京市
       上海市
       天津市
       重庆市
       合肥市
       淮南市
       马鞍山市
       芜湖市
       福州市
       泉州市
       厦门市
       漳州市
       兰州市
       深圳市
       东莞市
       佛山市
       广州市
       惠州市
       深圳市
       中山市
       珠海市
       贵阳市
       安阳市
       洛阳市
       郑州市
       哈尔滨市
       黄冈市
       黄石市
       武汉市
       襄樊市
       孝感市
       宜昌市
       衡阳市
       湘潭市
       长沙市
       株州市
       长春市
       常州市
       扬州市
       南京市
       南通市
       苏州市
       泰州市
       无锡市
       徐州市
       镇江市
       南昌市
       赣州市
       九江市
       上饶市
       大连市
       鞍山市
       丹东市
       盘锦市
       沈阳市
       营口市
       东营市
       济南市
       济宁市
       临沂市
       青岛市
       日照市
       威海市
       潍坊市
       烟台市
       淄博市
       晋城市
       太原市
       西安市
       咸阳市
       榆林市
       成都市
       乐山市
       泸州市
       绵阳市
       红河州
       昆明市
       曲靖市
       丽江市
       杭州市
       湖州市
       嘉兴市
       金华市
       宁波市
       衢州市
       绍兴市
       台州市
       温州市
广发银行
       北京市
       上海市
       天津市
       广州市
       潮州市
       东莞市
       佛山市
       肇庆市
       河源市
       江门市
       惠州市
       揭阳市
       云浮市
       茂名市
       梅州市
       清远市
       汕头市
       韶关市
       深圳市
       阳江市
       湛江市
       中山市
       珠海市
       安阳市
       平顶山市
       新乡市
       郑州市
       大庆市
       哈尔滨市
       黄石市
       武汉市
       衡阳市
       长沙市
       株州市
       南京市
       无锡市
       南通市
       苏州市
       鞍山市
       本溪市
       大连市
       沈阳市
       营口市
       昆明市
       曲靖市
       玉溪市
       杭州市
       宁波市
       台州市
       温州市
       金华市
民生银行
       北京市
       上海市
       天津市
       重庆市
       合肥市
       泉州市
       福州市
       泉州市
       厦门市
       莆田市
       东莞市
       佛山市
       广州市
       江门市
       汕头市
       深圳市
       中山市
       沧州市
       邯郸市
       衡水市
       秦皇岛市
       石家庄市
       唐山市
       洛阳市
       南阳市
       郑州市
       宜昌市
       武汉市
       咸宁市
       襄樊市
       长沙市
       衡阳市
       株州市
       长春市
       苏州市
       常州市
       南京市
       南通市
       无锡市
       镇江市
       南昌市
       大连市
       东营市
       济南市
       临沂市
       青岛市
       潍坊市
       烟台市
       大同市
       吕梁市
       太原市
       宝鸡市
       西安市
       成都市
       德阳市
       红河州
       昆明市
       曲靖市
       玉溪市
       杭州市
       嘉兴市
       宁波市
       绍兴市
       温州市
华夏银行
       北京市
       上海市
       天津市
       重庆市
       合肥市
       福州市
       泉州市
       厦门市
       东莞市
       佛山市
       广州市
       深圳市
       保定市
       沧州市
       石家庄市
       唐山市
       襄樊市
       武汉市
       长沙市
       常州市
       苏州市
       无锡市
       南京市
       南通市
       徐州市
       扬州市
       镇江市
       大连市
       沈阳市
       东营市
       济南市
       聊城市
       青岛市
       潍坊市
       烟台市
       晋中市
       太原市
       运城市
       西安市
       成都市
       德阳市
       红河州
       昆明市
       玉溪市
       嘉兴市
       杭州市
       宁波市
       绍兴市
       台州市
       温州市
       金华市
大华银行
       上海市
新韩银行
       北京市
       上海市
       天津市
       无锡市
       青岛市
韩国产业银行
       上海市
美国银行
       北京市
       上海市
       广州市
花旗银行
       北京市
       上海市
       天津市
       重庆市
       广州市
       深圳市
       大连市
       成都市
       杭州市
永亨银行
       上海市
       广州市
       深圳市
       佛山市
       珠海市
恒生银行
       上海市
       北京市
       天津市
       福州市
       佛山市
       中山市
       东莞市
       广州市
       深圳市
       南京市
       昆明市
       杭州市
       宁波市
东亚银行
       北京市
       上海市
       天津市
       重庆市
       合肥市
       厦门市
       佛山市
       广州市
       江门市
       深圳市
       珠海市
       惠州市
       肇庆市
       中山市
       石家庄市
       武汉市
       南京市
       苏州市
       大连市
       沈阳市
       青岛市
       西安市
       成都市
       杭州市
华商银行
       深圳市
瑞士信贷银行
       上海市
德国商业银行
       上海市
德意志银行
       上海市
       北京市
       天津市
       广州市
法国巴黎银行
       上海市
       北京市
       广州市
法国兴业银行
       北京市
       上海市
       天津市
       广州市
       武汉市
       杭州市
渣打银行
       北京市
       上海市
       天津市
       重庆市
       厦门市
       广州市
       珠海市
       深圳市
       南京市
       苏州市
       成都市
       杭州市
比利时联合银行
       上海市
华一银行
       上海市
       天津市
       深圳市
1241